maaliskuuta 12, 2018 1:57:15 IP. org.apache.catalina.core.AprLifecycleListener init
INFO: The APR based Apache Tomcat Native library which allows optimal performance in production environments was not found on the java.library.path: C:\Program Files\Java\jdk1.8.0_151\bin;C:\windows\Sun\Java\bin;C:\windows\system32;C:\windows;C:\ProgramData\Oracle\Java\javapath;C:\windows\system32;C:\windows;C:\windows\System32\Wbem;C:\windows\System32\WindowsPowerShell\v1.0\;C:\Users\fanny.lebeguec\AppData\Local\Microsoft\WindowsApps;C:\Users\fanny.lebeguec\AppData\Local\GitHubDesktop\bin;.
maaliskuuta 12, 2018 1:57:15 IP. org.apache.coyote.AbstractProtocol init
INFO: Initializing ProtocolHandler ["http-bio-8080"]
maaliskuuta 12, 2018 1:57:15 IP. org.apache.coyote.AbstractProtocol init
INFO: Initializing ProtocolHandler ["ajp-bio-8009"]
maaliskuuta 12, 2018 1:57:15 IP. org.apache.catalina.startup.Catalina load
INFO: Initialization processed in 884 ms
maaliskuuta 12, 2018 1:57:15 IP. org.apache.catalina.core.StandardService startInternal
INFO: Starting service Catalina
maaliskuuta 12, 2018 1:57:15 IP. org.apache.catalina.core.StandardEngine startInternal
INFO: Starting Servlet Engine: Apache Tomcat/7.0.56
maaliskuuta 12, 2018 1:57:15 IP. org.apache.catalina.startup.HostConfig deployDirectory
INFO: Deploying web application directory C:\xampp\tomcat\webapps\docs
maaliskuuta 12, 2018 1:57:16 IP. org.apache.catalina.util.SessionIdGenerator createSecureRandom
INFO: Creation of SecureRandom instance for session ID generation using [SHA1PRNG] took [148] milliseconds.
maaliskuuta 12, 2018 1:57:16 IP. org.apache.catalina.startup.HostConfig deployDirectory
INFO: Deployment of web application directory C:\xampp\tomcat\webapps\docs has finished in 568 ms
maaliskuuta 12, 2018 1:57:16 IP. org.apache.catalina.startup.HostConfig deployDirectory
INFO: Deploying web application directory C:\xampp\tomcat\webapps\examples
maaliskuuta 12, 2018 1:57:16 IP. org.apache.catalina.startup.HostConfig deployDirectory
INFO: Deployment of web application directory C:\xampp\tomcat\webapps\examples has finished in 630 ms
maaliskuuta 12, 2018 1:57:16 IP. org.apache.catalina.startup.HostConfig deployDirectory
INFO: Deploying web application directory C:\xampp\tomcat\webapps\host-manager
maaliskuuta 12, 2018 1:57:17 IP. org.apache.catalina.startup.HostConfig deployDirectory
INFO: Deployment of web application directory C:\xampp\tomcat\webapps\host-manager has finished in 99 ms
maaliskuuta 12, 2018 1:57:17 IP. org.apache.catalina.startup.HostConfig deployDirectory
INFO: Deploying web application directory C:\xampp\tomcat\webapps\manager
maaliskuuta 12, 2018 1:57:17 IP. org.apache.catalina.startup.HostConfig deployDirectory
INFO: Deployment of web application directory C:\xampp\tomcat\webapps\manager has finished in 97 ms
maaliskuuta 12, 2018 1:57:17 IP. org.apache.catalina.startup.HostConfig deployDirectory
INFO: Deploying web application directory C:\xampp\tomcat\webapps\ROOT
maaliskuuta 12, 2018 1:57:17 IP. org.apache.catalina.startup.HostConfig deployDirectory
INFO: Deployment of web application directory C:\xampp\tomcat\webapps\ROOT has finished in 95 ms
maaliskuuta 12, 2018 1:57:17 IP. org.apache.coyote.AbstractProtocol start
INFO: Starting ProtocolHandler ["http-bio-8080"]
maaliskuuta 12, 2018 1:57:17 IP. org.apache.coyote.AbstractProtocol start
INFO: Starting ProtocolHandler ["ajp-bio-8009"]
maaliskuuta 12, 2018 1:57:17 IP. org.apache.catalina.startup.Catalina start
INFO: Server startup in 1643 ms
