[Mon Mar 12 13:23:29.636279 2018] [ssl:warn] [pid 13456:tid 628] AH01909: www.example.com:443:0 server certificate does NOT include an ID which matches the server name
[Mon Mar 12 13:23:29.684430 2018] [ssl:warn] [pid 13456:tid 628] AH01909: www.example.com:443:0 server certificate does NOT include an ID which matches the server name
[Mon Mar 12 13:23:30.434681 2018] [mpm_winnt:notice] [pid 13456:tid 628] AH00455: Apache/2.4.29 (Win32) OpenSSL/1.1.0g PHP/7.2.2 configured -- resuming normal operations
[Mon Mar 12 13:23:30.434681 2018] [mpm_winnt:notice] [pid 13456:tid 628] AH00456: Apache Lounge VC15 Server built: Nov  3 2017 10:30:36
[Mon Mar 12 13:23:30.434681 2018] [core:notice] [pid 13456:tid 628] AH00094: Command line: 'C:\\xampp\\apache\\bin\\httpd.exe -d C:/xampp/apache'
[Mon Mar 12 13:23:30.445710 2018] [mpm_winnt:notice] [pid 13456:tid 628] AH00418: Parent: Created child process 11968
[Mon Mar 12 13:23:30.912016 2018] [ssl:warn] [pid 11968:tid 612] AH01909: www.example.com:443:0 server certificate does NOT include an ID which matches the server name
[Mon Mar 12 13:23:30.955336 2018] [ssl:warn] [pid 11968:tid 612] AH01909: www.example.com:443:0 server certificate does NOT include an ID which matches the server name
[Mon Mar 12 13:23:30.984995 2018] [mpm_winnt:notice] [pid 11968:tid 612] AH00354: Child: Starting 150 worker threads.
[Mon Mar 12 13:24:14.300407 2018] [ssl:warn] [pid 8228:tid 588] AH01909: www.example.com:443:0 server certificate does NOT include an ID which matches the server name
[Mon Mar 12 13:24:14.350794 2018] [ssl:warn] [pid 8228:tid 588] AH01909: www.example.com:443:0 server certificate does NOT include an ID which matches the server name
[Mon Mar 12 13:24:14.381479 2018] [mpm_winnt:notice] [pid 8228:tid 588] AH00455: Apache/2.4.29 (Win32) OpenSSL/1.1.0g PHP/7.2.2 configured -- resuming normal operations
[Mon Mar 12 13:24:14.381479 2018] [mpm_winnt:notice] [pid 8228:tid 588] AH00456: Apache Lounge VC15 Server built: Nov  3 2017 10:30:36
[Mon Mar 12 13:24:14.381479 2018] [core:notice] [pid 8228:tid 588] AH00094: Command line: 'c:\\xampp\\apache\\bin\\httpd.exe -d C:/xampp/apache'
[Mon Mar 12 13:24:14.390499 2018] [mpm_winnt:notice] [pid 8228:tid 588] AH00418: Parent: Created child process 8764
[Mon Mar 12 13:24:15.006018 2018] [ssl:warn] [pid 8764:tid 608] AH01909: www.example.com:443:0 server certificate does NOT include an ID which matches the server name
[Mon Mar 12 13:24:15.075814 2018] [ssl:warn] [pid 8764:tid 608] AH01909: www.example.com:443:0 server certificate does NOT include an ID which matches the server name
[Mon Mar 12 13:24:15.105805 2018] [mpm_winnt:notice] [pid 8764:tid 608] AH00354: Child: Starting 150 worker threads.
[Mon Mar 12 13:31:28.477169 2018] [ssl:warn] [pid 5416:tid 536] AH01909: www.example.com:443:0 server certificate does NOT include an ID which matches the server name
[Mon Mar 12 13:31:28.524598 2018] [core:warn] [pid 5416:tid 536] AH00098: pid file C:/xampp/apache/logs/httpd.pid overwritten -- Unclean shutdown of previous Apache run?
[Mon Mar 12 13:31:28.526601 2018] [ssl:warn] [pid 5416:tid 536] AH01909: www.example.com:443:0 server certificate does NOT include an ID which matches the server name
[Mon Mar 12 13:31:28.556205 2018] [mpm_winnt:notice] [pid 5416:tid 536] AH00455: Apache/2.4.29 (Win32) OpenSSL/1.1.0g PHP/7.2.2 configured -- resuming normal operations
[Mon Mar 12 13:31:28.556205 2018] [mpm_winnt:notice] [pid 5416:tid 536] AH00456: Apache Lounge VC15 Server built: Nov  3 2017 10:30:36
[Mon Mar 12 13:31:28.556205 2018] [core:notice] [pid 5416:tid 536] AH00094: Command line: 'c:\\xampp\\apache\\bin\\httpd.exe -d C:/xampp/apache'
[Mon Mar 12 13:31:28.563146 2018] [mpm_winnt:notice] [pid 5416:tid 536] AH00418: Parent: Created child process 14384
[Mon Mar 12 13:31:29.145935 2018] [ssl:warn] [pid 14384:tid 224] AH01909: www.example.com:443:0 server certificate does NOT include an ID which matches the server name
[Mon Mar 12 13:31:29.192439 2018] [ssl:warn] [pid 14384:tid 224] AH01909: www.example.com:443:0 server certificate does NOT include an ID which matches the server name
[Mon Mar 12 13:31:29.223110 2018] [mpm_winnt:notice] [pid 14384:tid 224] AH00354: Child: Starting 150 worker threads.
[Mon Mar 12 13:36:57.540615 2018] [ssl:warn] [pid 9012:tid 584] AH01909: www.example.com:443:0 server certificate does NOT include an ID which matches the server name
[Mon Mar 12 13:36:57.590245 2018] [core:warn] [pid 9012:tid 584] AH00098: pid file C:/xampp/apache/logs/httpd.pid overwritten -- Unclean shutdown of previous Apache run?
[Mon Mar 12 13:36:57.594253 2018] [ssl:warn] [pid 9012:tid 584] AH01909: www.example.com:443:0 server certificate does NOT include an ID which matches the server name
[Mon Mar 12 13:36:57.644888 2018] [mpm_winnt:notice] [pid 9012:tid 584] AH00455: Apache/2.4.29 (Win32) OpenSSL/1.1.0g PHP/7.2.2 configured -- resuming normal operations
[Mon Mar 12 13:36:57.644888 2018] [mpm_winnt:notice] [pid 9012:tid 584] AH00456: Apache Lounge VC15 Server built: Nov  3 2017 10:30:36
[Mon Mar 12 13:36:57.644888 2018] [core:notice] [pid 9012:tid 584] AH00094: Command line: 'c:\\xampp\\apache\\bin\\httpd.exe -d C:/xampp/apache'
[Mon Mar 12 13:36:57.651911 2018] [mpm_winnt:notice] [pid 9012:tid 584] AH00418: Parent: Created child process 9196
[Mon Mar 12 13:36:58.831570 2018] [ssl:warn] [pid 9196:tid 600] AH01909: www.example.com:443:0 server certificate does NOT include an ID which matches the server name
[Mon Mar 12 13:36:58.885714 2018] [ssl:warn] [pid 9196:tid 600] AH01909: www.example.com:443:0 server certificate does NOT include an ID which matches the server name
[Mon Mar 12 13:36:58.936349 2018] [mpm_winnt:notice] [pid 9196:tid 600] AH00354: Child: Starting 150 worker threads.
